2018-01-12 15:49:01,339:design_patterns.travel:INFO:we r driving
2018-01-12 15:49:01,339:design_patterns.travel:INFO:we r driving
2018-01-12 15:49:01,339:design_patterns.travel:INFO:We r flying
2018-01-12 15:49:01,339:design_patterns.travel:INFO:we r riding
2018-01-12 15:49:01,339:design_patterns.travel:INFO:We r sailing
2018-01-12 15:49:01,339:design_patterns.travel:INFO:we r driving
2018-01-12 15:49:01,339:design_patterns.travel:INFO:We r flying
2018-01-12 16:36:06,112:design_patterns.travel:INFO:we r driving
2018-01-12 16:36:06,113:design_patterns.travel:INFO:we r driving
2018-01-12 16:36:06,113:design_patterns.travel:INFO:We r flying
2018-01-12 16:36:06,113:design_patterns.travel:INFO:we r riding
2018-01-12 16:36:06,113:design_patterns.travel:INFO:We r sailing
2018-01-12 16:36:06,113:design_patterns.travel:INFO:we r driving
2018-01-12 16:36:06,113:design_patterns.travel:INFO:We r flying
2018-01-12 16:38:15,207:design_patterns.travel:INFO:we r driving
2018-01-12 16:38:15,207:design_patterns.travel:INFO:we r driving
2018-01-12 16:38:15,207:design_patterns.travel:INFO:We r flying
2018-01-12 16:38:15,207:design_patterns.travel:INFO:we r riding
2018-01-12 16:38:15,207:design_patterns.travel:INFO:We r sailing
2018-01-12 16:38:15,207:design_patterns.travel:INFO:we r driving
2018-01-12 16:38:15,207:design_patterns.travel:INFO:We r flying
2018-01-12 16:47:56,789:design_patterns.travel:INFO:we r driving
2018-01-12 16:47:56,789:design_patterns.travel:INFO:we r driving
2018-01-12 16:47:56,789:design_patterns.travel:INFO:We r flying
2018-01-12 16:47:56,789:design_patterns.travel:INFO:we r riding
2018-01-12 16:47:56,789:design_patterns.travel:INFO:We r sailing
2018-01-12 16:47:56,789:design_patterns.travel:INFO:we r driving
2018-01-12 16:47:56,790:design_patterns.travel:INFO:We r flying
2018-01-12 16:48:46,318:design_patterns.travel:INFO:we r driving
2018-01-12 16:48:46,318:design_patterns.travel:INFO:we r driving
2018-01-12 16:48:46,318:design_patterns.travel:INFO:We r flying
2018-01-12 16:48:46,318:design_patterns.travel:INFO:we r riding
2018-01-12 16:48:46,318:design_patterns.travel:INFO:We r sailing
2018-01-12 16:48:46,318:design_patterns.travel:INFO:we r driving
2018-01-12 16:48:46,319:design_patterns.travel:INFO:We r flying
2018-01-12 16:49:35,888:design_patterns.travel:INFO:we r driving
2018-01-12 16:49:35,888:design_patterns.travel:INFO:we r driving
2018-01-12 16:49:35,888:design_patterns.travel:INFO:We r flying
2018-01-12 16:49:35,888:design_patterns.travel:INFO:we r riding
2018-01-12 16:49:35,888:design_patterns.travel:INFO:We r sailing
2018-01-12 16:49:35,888:design_patterns.travel:INFO:we r driving
2018-01-12 16:49:35,889:design_patterns.travel:INFO:We r flying
2018-01-12 16:54:37,925:design_patterns.travel:INFO:we r driving
2018-01-12 16:54:37,926:design_patterns.travel:INFO:we r driving
2018-01-12 16:54:37,926:design_patterns.travel:INFO:We r flying
2018-01-12 16:54:37,926:design_patterns.travel:INFO:we r riding
2018-01-12 16:54:37,926:design_patterns.travel:INFO:We r sailing
2018-01-12 16:54:37,926:design_patterns.travel:INFO:we r driving
2018-01-12 16:54:37,926:design_patterns.travel:INFO:We r flying
2018-01-12 17:03:40,087:design_patterns.travel:INFO:we r driving
2018-01-12 17:03:40,087:design_patterns.travel:INFO:we r driving
2018-01-12 17:03:40,087:design_patterns.travel:INFO:We r flying
2018-01-12 17:03:40,087:design_patterns.travel:INFO:we r riding
2018-01-12 17:03:40,087:design_patterns.travel:INFO:We r sailing
2018-01-12 17:03:40,088:design_patterns.travel:INFO:we r driving
2018-01-12 17:03:40,088:design_patterns.travel:INFO:We r flying
2018-01-12 17:06:36,036:design_patterns.travel:INFO:we r driving
2018-01-12 17:06:36,036:design_patterns.travel:INFO:we r driving
2018-01-12 17:06:36,036:design_patterns.travel:INFO:We r flying
2018-01-12 17:06:36,036:design_patterns.travel:INFO:we r riding
2018-01-12 17:06:36,036:design_patterns.travel:INFO:We r sailing
2018-01-12 17:06:36,036:design_patterns.travel:INFO:we r driving
2018-01-12 17:06:36,036:design_patterns.travel:INFO:We r flying
2018-01-12 17:07:36,172:design_patterns.travel:INFO:we r driving
2018-01-12 17:07:36,172:design_patterns.travel:INFO:we r driving
2018-01-12 17:07:36,172:design_patterns.travel:INFO:We r flying
2018-01-12 17:07:36,172:design_patterns.travel:INFO:we r riding
2018-01-12 17:07:36,172:design_patterns.travel:INFO:We r sailing
2018-01-12 17:07:36,172:design_patterns.travel:INFO:we r driving
2018-01-12 17:07:36,172:design_patterns.travel:INFO:We r flying
2018-01-12 17:11:01,021:design_patterns.travel:INFO:we r driving
2018-01-12 17:11:01,021:design_patterns.travel:INFO:we r driving
2018-01-12 17:11:01,022:design_patterns.travel:INFO:We r flying
2018-01-12 17:11:01,022:design_patterns.travel:INFO:we r riding
2018-01-12 17:11:01,022:design_patterns.travel:INFO:We r sailing
2018-01-12 17:11:01,022:design_patterns.travel:INFO:we r driving
2018-01-12 17:11:01,022:design_patterns.travel:INFO:We r flying
2018-01-12 17:11:07,205:design_patterns.travel:INFO:we r driving
2018-01-12 17:11:07,205:design_patterns.travel:INFO:we r driving
2018-01-12 17:11:07,205:design_patterns.travel:INFO:We r flying
2018-01-12 17:11:07,205:design_patterns.travel:INFO:we r riding
2018-01-12 17:11:07,205:design_patterns.travel:INFO:We r sailing
2018-01-12 17:11:07,206:design_patterns.travel:INFO:we r driving
2018-01-12 17:11:07,206:design_patterns.travel:INFO:We r flying
2018-01-12 17:11:48,531:design_patterns.travel:INFO:we r driving
2018-01-12 17:11:48,531:design_patterns.travel:INFO:we r driving
2018-01-12 17:11:48,532:design_patterns.travel:INFO:We r flying
2018-01-12 17:11:48,532:design_patterns.travel:INFO:we r riding
2018-01-12 17:11:48,532:design_patterns.travel:INFO:We r sailing
2018-01-12 17:11:48,532:design_patterns.travel:INFO:we r driving
2018-01-12 17:11:48,532:design_patterns.travel:INFO:We r flying
2018-01-12 17:12:10,051:design_patterns.travel:INFO:we r driving
2018-01-12 17:12:10,051:design_patterns.travel:INFO:we r driving
2018-01-12 17:12:10,051:design_patterns.travel:INFO:We r flying
2018-01-12 17:12:10,051:design_patterns.travel:INFO:we r riding
2018-01-12 17:12:10,051:design_patterns.travel:INFO:We r sailing
2018-01-12 17:12:10,051:design_patterns.travel:INFO:we r driving
2018-01-12 17:12:10,051:design_patterns.travel:INFO:We r flying
2018-01-12 17:13:35,762:design_patterns.travel:INFO:we r driving
2018-01-12 17:13:35,763:design_patterns.travel:INFO:we r driving
2018-01-12 17:13:35,763:design_patterns.travel:INFO:We r flying
2018-01-12 17:13:35,763:design_patterns.travel:INFO:we r riding
2018-01-12 17:13:35,763:design_patterns.travel:INFO:We r sailing
2018-01-12 17:13:35,763:design_patterns.travel:INFO:we r driving
2018-01-12 17:13:35,763:design_patterns.travel:INFO:We r flying
2018-01-12 17:16:56,577:design_patterns.travel:INFO:we r driving
2018-01-12 17:16:56,577:design_patterns.travel:INFO:we r driving
2018-01-12 17:16:56,577:design_patterns.travel:INFO:We r flying
2018-01-12 17:16:56,578:design_patterns.travel:INFO:we r riding
2018-01-12 17:16:56,578:design_patterns.travel:INFO:We r sailing
2018-01-12 17:16:56,578:design_patterns.travel:INFO:we r driving
2018-01-12 17:16:56,578:design_patterns.travel:INFO:We r flying
2018-01-12 17:16:56,578:design_patterns.travel:INFO:I know that <design_patterns.adapter.GeneralAdapterClass object at 0x7f7cd2077828> has done () and {'key': 'name', 'value': 'disooqi'}
2018-01-12 17:17:11,109:design_patterns.travel:INFO:we r driving
2018-01-12 17:17:11,109:design_patterns.travel:INFO:we r driving
2018-01-12 17:17:11,109:design_patterns.travel:INFO:We r flying
2018-01-12 17:17:11,109:design_patterns.travel:INFO:we r riding
2018-01-12 17:17:11,109:design_patterns.travel:INFO:We r sailing
2018-01-12 17:17:11,109:design_patterns.travel:INFO:we r driving
2018-01-12 17:17:11,109:design_patterns.travel:INFO:We r flying
2018-01-12 17:17:11,109:design_patterns.travel:INFO:I know that <design_patterns.adapter.GeneralAdapterClass object at 0x7f3bf13a1828> has done () and {'key': 'name', 'value': 'disooqi'}
2018-01-12 17:17:25,600:design_patterns.travel:INFO:we r driving
2018-01-12 17:17:25,600:design_patterns.travel:INFO:we r driving
2018-01-12 17:17:25,600:design_patterns.travel:INFO:We r flying
2018-01-12 17:17:25,600:design_patterns.travel:INFO:we r riding
2018-01-12 17:17:25,600:design_patterns.travel:INFO:We r sailing
2018-01-12 17:17:25,601:design_patterns.travel:INFO:we r driving
2018-01-12 17:17:25,601:design_patterns.travel:INFO:We r flying
2018-01-12 17:20:19,079:design_patterns.travel:INFO:I know that <design_patterns.adapter.GeneralAdapterClass object at 0x7fce41550e10> has done () and {'key': 'name', 'value': 'disooqi'}
2018-01-12 17:20:24,444:design_patterns.travel:INFO:we r driving
2018-01-12 17:20:24,444:design_patterns.travel:INFO:we r driving
2018-01-12 17:20:24,445:design_patterns.travel:INFO:We r flying
2018-01-12 17:20:24,445:design_patterns.travel:INFO:we r riding
2018-01-12 17:20:24,445:design_patterns.travel:INFO:We r sailing
2018-01-12 17:20:24,445:design_patterns.travel:INFO:we r driving
2018-01-12 17:20:24,445:design_patterns.travel:INFO:We r flying
2018-01-12 17:20:24,445:design_patterns.travel:INFO:I know that <design_patterns.adapter.GeneralAdapterClass object at 0x7f0ef0796860> has done () and {'key': 'name', 'value': 'disooqi'}
